0 info it worked if it ends with ok
1 verbose cli [ 'C:\\Program Files\\nodejs\\node.exe',
1 verbose cli   'C:\\Users\\oliver.guildford\\AppData\\Roaming\\npm\\node_modules\\npm\\bin\\npm-cli.js',
1 verbose cli   'start' ]
2 info using npm@4.0.3
3 info using node@v8.9.4
4 verbose run-script [ 'prestart', 'start', 'poststart' ]
5 info lifecycle govuk-prototype-kit@9.3.0~prestart: govuk-prototype-kit@9.3.0
6 silly lifecycle govuk-prototype-kit@9.3.0~prestart: no script for prestart, continuing
7 info lifecycle govuk-prototype-kit@9.3.0~start: govuk-prototype-kit@9.3.0
8 verbose lifecycle govuk-prototype-kit@9.3.0~start: unsafe-perm in lifecycle true
9 verbose lifecycle govuk-prototype-kit@9.3.0~start: PATH: C:\Users\oliver.guildford\AppData\Roaming\npm\node_modules\npm\bin\node-gyp-bin;C:\Users\oliver.guildford\Documents\projects\dvla-dsss\node_modules\.bin;C:\Program Files (x86)\Common Files\Oracle\Java\javapath;C:\app\Oliver.Guildford\virtual\product\12.2.0\dbhome_1\bin;C:\ProgramData\Oracle\Java\javapath;C:\WINDOWS\system32;C:\WINDOWS;C:\WINDOWS\System32\Wbem;C:\WINDOWS\System32\WindowsPowerShell\v1.0\;C:\Program Files (x86)\Windows Kits\8.1\Windows Performance Toolkit\;C:\Users\oliver.guildford\go;C:\Program Files\PuTTY\;C:\Users\oliver.guildford\curl;C:\Program Files\nodejs\;C:\Python27\;C:\Program Files\dotnet\;C:\Program Files\Microsoft DNX\Dnvm\;C:\WINDOWS\System32\OpenSSH\;C:\Program Files\Git\cmd;C:\Program Files (x86)\Yarn\bin\;C:\Program Files (x86)\Intel\Intel(R) Management Engine Components\DAL;C:\Program Files\Intel\Intel(R) Management Engine Components\DAL;C:\Program Files\Intel\WiFi\bin\;C:\Program Files\Common Files\Intel\WirelessCommon\;C:\Users\oliver.guildford\AppData\Local\Programs\Python\Python36\Scripts\;C:\Users\oliver.guildford\AppData\Local\Programs\Python\Python36\;C:\Users\oliver.guildford\AppData\Local\Google\Cloud SDK\google-cloud-sdk\bin;C:\Users\oliver.guildford\AppData\Local\atom\bin;C:\Users\oliver.guildford\AppData\Roaming\npm;C:\Program Files\GDAL;C:\Program Files\Oracle\VirtualBox;C:\Users\oliver.guildford\AppData\Local\Microsoft\WindowsApps;;C:\Program Files\JetBrains\PyCharm Community Edition 2018.3\bin;;C:\Program Files\heroku\bin;C:\Users\oliver.guildford\AppData\Local\Yarn\bin;C:\Program Files\Intel\WiFi\bin\;C:\Program Files\Common Files\Intel\WirelessCommon\
10 verbose lifecycle govuk-prototype-kit@9.3.0~start: CWD: C:\Users\oliver.guildford\Documents\projects\dvla-dsss
11 silly lifecycle govuk-prototype-kit@9.3.0~start: Args: [ '/d /s /c', 'node start.js' ]
12 silly lifecycle govuk-prototype-kit@9.3.0~start: Returned: code: 3221225786  signal: null
13 info lifecycle govuk-prototype-kit@9.3.0~start: Failed to exec start script
14 verbose stack Error: govuk-prototype-kit@9.3.0 start: `node start.js`
14 verbose stack Exit status 3221225786
14 verbose stack     at EventEmitter.<anonymous> (C:\Users\oliver.guildford\AppData\Roaming\npm\node_modules\npm\lib\utils\lifecycle.js:279:16)
14 verbose stack     at emitTwo (events.js:126:13)
14 verbose stack     at EventEmitter.emit (events.js:214:7)
14 verbose stack     at ChildProcess.<anonymous> (C:\Users\oliver.guildford\AppData\Roaming\npm\node_modules\npm\lib\utils\spawn.js:40:14)
14 verbose stack     at emitTwo (events.js:126:13)
14 verbose stack     at ChildProcess.emit (events.js:214:7)
14 verbose stack     at maybeClose (internal/child_process.js:925:16)
14 verbose stack     at Process.ChildProcess._handle.onexit (internal/child_process.js:209:5)
15 verbose pkgid govuk-prototype-kit@9.3.0
16 verbose cwd C:\Users\oliver.guildford\Documents\projects\dvla-dsss
17 error Windows_NT 10.0.17763
18 error argv "C:\\Program Files\\nodejs\\node.exe" "C:\\Users\\oliver.guildford\\AppData\\Roaming\\npm\\node_modules\\npm\\bin\\npm-cli.js" "start"
19 error node v8.9.4
20 error npm  v4.0.3
21 error code ELIFECYCLE
22 error govuk-prototype-kit@9.3.0 start: `node start.js`
22 error Exit status 3221225786
23 error Failed at the govuk-prototype-kit@9.3.0 start script 'node start.js'.
23 error Make sure you have the latest version of node.js and npm installed.
23 error If you do, this is most likely a problem with the govuk-prototype-kit package,
23 error not with npm itself.
23 error Tell the author that this fails on your system:
23 error     node start.js
23 error You can get information on how to open an issue for this project with:
23 error     npm bugs govuk-prototype-kit
23 error Or if that isn't available, you can get their info via:
23 error     npm owner ls govuk-prototype-kit
23 error There is likely additional logging output above.
24 verbose exit [ 1, true ]
